Run 1:
Enter filter radius : Enter image size. Should be a power of two and greater than 33 : Image Width x Height = 64 x 64

Allocating and initializing host arrays...
Allocating GPU memory...
CPU computation...
CPU time: 0.417000 msec
GPU computation...
GPU Time: 0.128288 msec
Deallocating host memory
Deallocating device memory
Destroying CUDA events
Reset Device: cudaGetLastError() == cudaSuccess!

Run 2:
Enter filter radius : Enter image size. Should be a power of two and greater than 33 : Image Width x Height = 64 x 64

Allocating and initializing host arrays...
Allocating GPU memory...
CPU computation...
CPU time: 0.351000 msec
GPU computation...
GPU Time: 0.127296 msec
Deallocating host memory
Deallocating device memory
Destroying CUDA events
Reset Device: cudaGetLastError() == cudaSuccess!

Run 3:
Enter filter radius : Enter image size. Should be a power of two and greater than 33 : Image Width x Height = 64 x 64

Allocating and initializing host arrays...
Allocating GPU memory...
CPU computation...
CPU time: 0.363000 msec
GPU computation...
GPU Time: 0.125376 msec
Deallocating host memory
Deallocating device memory
Destroying CUDA events
Reset Device: cudaGetLastError() == cudaSuccess!

Run 4:
Enter filter radius : Enter image size. Should be a power of two and greater than 33 : Image Width x Height = 64 x 64

Allocating and initializing host arrays...
Allocating GPU memory...
CPU computation...
CPU time: 0.351000 msec
GPU computation...
GPU Time: 0.122176 msec
Deallocating host memory
Deallocating device memory
Destroying CUDA events
Reset Device: cudaGetLastError() == cudaSuccess!

Run 5:
Enter filter radius : Enter image size. Should be a power of two and greater than 33 : Image Width x Height = 64 x 64

Allocating and initializing host arrays...
Allocating GPU memory...
CPU computation...
CPU time: 0.370000 msec
GPU computation...
GPU Time: 0.128064 msec
Deallocating host memory
Deallocating device memory
Destroying CUDA events
Reset Device: cudaGetLastError() == cudaSuccess!

Run 6:
Enter filter radius : Enter image size. Should be a power of two and greater than 33 : Image Width x Height = 64 x 64

Allocating and initializing host arrays...
Allocating GPU memory...
CPU computation...
CPU time: 0.351000 msec
GPU computation...
GPU Time: 0.126496 msec
Deallocating host memory
Deallocating device memory
Destroying CUDA events
Reset Device: cudaGetLastError() == cudaSuccess!

Run 7:
Enter filter radius : Enter image size. Should be a power of two and greater than 33 : Image Width x Height = 64 x 64

Allocating and initializing host arrays...
Allocating GPU memory...
CPU computation...
CPU time: 0.452000 msec
GPU computation...
GPU Time: 0.125216 msec
Deallocating host memory
Deallocating device memory
Destroying CUDA events
Reset Device: cudaGetLastError() == cudaSuccess!

Run 8:
Enter filter radius : Enter image size. Should be a power of two and greater than 33 : Image Width x Height = 64 x 64

Allocating and initializing host arrays...
Allocating GPU memory...
CPU computation...
CPU time: 0.404000 msec
GPU computation...
GPU Time: 0.135936 msec
Deallocating host memory
Deallocating device memory
Destroying CUDA events
Reset Device: cudaGetLastError() == cudaSuccess!

Run 9:
Enter filter radius : Enter image size. Should be a power of two and greater than 33 : Image Width x Height = 64 x 64

Allocating and initializing host arrays...
Allocating GPU memory...
CPU computation...
CPU time: 0.414000 msec
GPU computation...
GPU Time: 0.129632 msec
Deallocating host memory
Deallocating device memory
Destroying CUDA events
Reset Device: cudaGetLastError() == cudaSuccess!

Run 10:
Enter filter radius : Enter image size. Should be a power of two and greater than 33 : Image Width x Height = 64 x 64

Allocating and initializing host arrays...
Allocating GPU memory...
CPU computation...
CPU time: 0.368000 msec
GPU computation...
GPU Time: 0.122304 msec
Deallocating host memory
Deallocating device memory
Destroying CUDA events
Reset Device: cudaGetLastError() == cudaSuccess!

Run 11:
Enter filter radius : Enter image size. Should be a power of two and greater than 33 : Image Width x Height = 64 x 64

Allocating and initializing host arrays...
Allocating GPU memory...
CPU computation...
CPU time: 0.362000 msec
GPU computation...
GPU Time: 0.122976 msec
Deallocating host memory
Deallocating device memory
Destroying CUDA events
Reset Device: cudaGetLastError() == cudaSuccess!

Run 12:
Enter filter radius : Enter image size. Should be a power of two and greater than 33 : Image Width x Height = 64 x 64

Allocating and initializing host arrays...
Allocating GPU memory...
CPU computation...
CPU time: 0.351000 msec
GPU computation...
GPU Time: 0.122944 msec
Deallocating host memory
Deallocating device memory
Destroying CUDA events
Reset Device: cudaGetLastError() == cudaSuccess!

